<?xml version="1.0" encoding="UTF-8"?>
<!-- Generated by org.testng.reporters.JUnitReportReporter -->
<testsuite hostname="LAPTOP-5RBN0547" failures="0" tests="2" name="practice.Tests.SubmitOrderTest" time="22.036" errors="0" timestamp="2022-09-22T11:34:39 IST" skipped="0">
  <testcase classname="practice.Tests.SubmitOrderTest" name="orderHistoryTest" time="6.681"/>
  <system-out/>
  <testcase classname="practice.Tests.SubmitOrderTest" name="submitOrder" time="15.355"/>
  <system-out/>
</testsuite> <!-- practice.Tests.SubmitOrderTest -->
