<?xml version="1.0" encoding="UTF-8"?>
<!-- Generated by org.testng.reporters.JUnitReportReporter -->
<testsuite hostname="LAPTOP-5RBN0547" failures="0" tests="1" name="practice.Tests.ErrorValidations" time="7.316" errors="0" timestamp="2022-09-14T14:50:36 IST" skipped="0">
  <testcase classname="practice.Tests.ErrorValidations" name="submitOrder" time="7.316"/>
  <system-out/>
</testsuite> <!-- practice.Tests.ErrorValidations -->
