<?xml version="1.0" encoding="UTF-8"?>
<!-- Generated by org.testng.reporters.JUnitReportReporter -->
<testsuite hostname="LAPTOP-5RBN0547" failures="0" tests="1" name="practice.Tests.SubmitOrderTest" time="15.508" errors="0" timestamp="2022-09-21T14:43:06 IST" skipped="0">
  <testcase classname="practice.Tests.SubmitOrderTest" name="submitOrder" time="15.508"/>
  <system-out/>
</testsuite> <!-- practice.Tests.SubmitOrderTest -->
