<?xml version="1.0" encoding="UTF-8"?>
<!-- Generated by org.testng.reporters.JUnitReportReporter -->
<testsuite hostname="LAPTOP-5RBN0547" failures="0" tests="2" name="practice.Tests.SubmitOrderTest" time="46.326" errors="0" timestamp="2022-12-19T17:10:28 IST" skipped="0">
  <testcase classname="practice.Tests.SubmitOrderTest" name="submitOrder" time="16.983"/>
  <system-out/>
  <testcase classname="practice.Tests.SubmitOrderTest" name="submitOrder" time="29.343"/>
  <system-out/>
</testsuite> <!-- practice.Tests.SubmitOrderTest -->
