<?xml version="1.0" encoding="UTF-8"?>
<!-- Generated by org.testng.reporters.JUnitReportReporter -->
<testsuite hostname="LAPTOP-5RBN0547" failures="0" tests="2" name="practice.Tests.ErrorValidationsTest" time="15.169" errors="0" timestamp="2022-09-21T14:43:06 IST" skipped="0">
  <testcase classname="practice.Tests.ErrorValidationsTest" name="ProductErrorValidation" time="10.807"/>
  <system-out/>
  <testcase classname="practice.Tests.ErrorValidationsTest" name="LoginErrorValidation" time="4.362"/>
  <system-out/>
</testsuite> <!-- practice.Tests.ErrorValidationsTest -->
