<?xml version="1.0" encoding="UTF-8"?>
<!-- Generated by org.testng.reporters.JUnitReportReporter -->
<testsuite hostname="LAPTOP-5RBN0547" failures="0" tests="1" name="practice.Tests.SubmitOrderTest" time="11.078" errors="0" timestamp="2022-09-14T14:52:53 IST" skipped="0">
  <testcase classname="practice.Tests.SubmitOrderTest" name="submitOrder" time="11.078"/>
  <system-out/>
</testsuite> <!-- practice.Tests.SubmitOrderTest -->
